e:\visual studio work place\expriment1\expriment1\debug\expriment1.pch
e:\visual studio work place\expriment1\expriment1\debug\vc140.pdb
e:\visual studio work place\expriment1\expriment1\debug\vc140.idb
e:\visual studio work place\expriment1\expriment1\debug\stdafx.obj
e:\visual studio work place\expriment1\expriment1\debug\expriment1.obj
e:\visual studio work place\expriment1\expriment1\debug\expriment1doc.obj
e:\visual studio work place\expriment1\expriment1\debug\expriment1view.obj
e:\visual studio work place\expriment1\expriment1\debug\mainfrm.obj
e:\visual studio work place\expriment1\debug\expriment1.ilk
e:\visual studio work place\expriment1\debug\expriment1.exe
e:\visual studio work place\expriment1\debug\expriment1.pdb
e:\visual studio work place\expriment1\expriment1\debug\expriment1.res
e:\visual studio work place\expriment1\expriment1\debug\expriment1.tlog\cl.command.1.tlog
e:\visual studio work place\expriment1\expriment1\debug\expriment1.tlog\cl.read.1.tlog
e:\visual studio work place\expriment1\expriment1\debug\expriment1.tlog\cl.write.1.tlog
e:\visual studio work place\expriment1\expriment1\debug\expriment1.tlog\link.command.1.tlog
e:\visual studio work place\expriment1\expriment1\debug\expriment1.tlog\link.read.1.tlog
e:\visual studio work place\expriment1\expriment1\debug\expriment1.tlog\link.write.1.tlog
e:\visual studio work place\expriment1\expriment1\debug\expriment1.tlog\rc.command.1.tlog
e:\visual studio work place\expriment1\expriment1\debug\expriment1.tlog\rc.read.1.tlog
e:\visual studio work place\expriment1\expriment1\debug\expriment1.tlog\rc.write.1.tlog
